<?xml version="1.0" encoding="UTF-8"?>
<!-- Generated by org.testng.reporters.JUnitReportReporter -->
<testsuite skipped="0" hostname="brantansp-PC" name="com.fss.BaseClass" tests="1" failures="0" timestamp="24 Jun 2018 06:09:58 GMT" time="0.007" errors="0">
  <testcase name="Test" time="0.007" classname="com.fss.BaseClass"/>
</testsuite> <!-- com.fss.BaseClass -->
