<?xml version="1.0" encoding="UTF-8"?>
<!-- Generated by org.testng.reporters.JUnitReportReporter -->
<testsuite skipped="0" hostname="brantansp" name="com.testsuite1.HomePageTest" tests="1" failures="0" timestamp="02 Aug 2018 17:45:00 GMT" time="1.992" errors="0">
  <testcase name="dragDrop" time="1.992" classname="com.testsuite1.HomePageTest"/>
</testsuite> <!-- com.testsuite1.HomePageTest -->
