<?xml version="1.0" encoding="UTF-8"?>
<!-- Generated by org.testng.reporters.JUnitReportReporter -->
<testsuite skipped="0" hostname="brantansp-PC" name="com.fss.BaseClass" tests="1" failures="0" timestamp="07 Apr 2018 14:07:54 GMT" time="5.294" errors="0">
  <testcase name="Test" time="5.294" classname="com.fss.BaseClass"/>
</testsuite> <!-- com.fss.BaseClass -->
