<?xml version="1.0" encoding="UTF-8"?>
<!-- Generated by org.testng.reporters.JUnitReportReporter -->
<testsuite skipped="0" hostname="brantansp-PC" name="com.testsuite1.HomePageTest" tests="3" failures="0" timestamp="24 Jun 2018 13:22:50 GMT" time="18.701" errors="0">
  <testcase name="basicAjax" time="17.886" classname="com.testsuite1.HomePageTest"/>
  <testcase name="alertsHandling" time="0.536" classname="com.testsuite1.HomePageTest"/>
  <testcase name="alertHandling" time="0.279" classname="com.testsuite1.HomePageTest"/>
</testsuite> <!-- com.testsuite1.HomePageTest -->
